Arguments: 
  C:\Program Files\nodejs\node.exe C:\Users\pc\AppData\Roaming\npm\node_modules\yarn\bin\yarn.js serve

PATH: 
  C:\Users\pc\Desktop\node_js\node_modules\.bin;C:\Program Files (x86)\Python38-32\Scripts\;C:\Program Files (x86)\Python38-32\;C:\Windows\system32;C:\Windows;C:\Windows\System32\Wbem;C:\Windows\System32\WindowsPowerShell\v1.0\;C:\Windows\System32\OpenSSH\;C:\Program Files\nodejs\;C:\Program Files\Git\cmd;C:\Users\pc\AppData\Local\Microsoft\WindowsApps;;C:\Users\pc\AppData\Local\Programs\Microsoft VS Code\bin;C:\Users\pc\AppData\Roaming\npm;C:\Program Files\JetBrains\WebStorm 2019.3.3\bin;

Yarn version: 
  1.22.0

Node version: 
  12.13.0

Platform: 
  win32 x64

Trace: 
  SyntaxError: C:\Users\pc\Desktop\node_js\package.json: Unexpected token } in JSON at position 200
      at JSON.parse (<anonymous>)
      at C:\Users\pc\AppData\Roaming\npm\node_modules\yarn\lib\cli.js:1625:59
      at Generator.next (<anonymous>)
      at step (C:\Users\pc\AppData\Roaming\npm\node_modules\yarn\lib\cli.js:310:30)
      at C:\Users\pc\AppData\Roaming\npm\node_modules\yarn\lib\cli.js:321:13

npm manifest: 
  {
    "name": "node_js",
    "version": "1.0.0",
    "description": "",
    "main": "index.js",
    "scripts": {
      "test": "echo \"Error: no test specified\" && exit 1",
      "serve": "nodemon app.js"
      ,
    },
    "author": "",
    "license": "ISC",
    "dependencies": {
      "body-parser": "^1.19.0",
      "cors": "^2.8.5",
      "ejs": "^3.0.1",
      "errorhandler": "^1.5.1",
      "express": "^4.17.1",
      "express-jwt": "^5.3.1",
      "express-session": "^1.17.0",
      "jsonwebtoken": "^8.5.1",
      "passport": "^0.4.1",
      "passport-local": "^1.0.0",
      "underscore": "^1.9.2"
    }
  }

yarn manifest: 
  No manifest

Lockfile: 
  No lockfile
